<?xml version="1.0" encoding="UTF-8"?>
<testng-results ignored="0" total="2" passed="2" failed="0" skipped="0">
  <reporter-output>
  </reporter-output>
  <suite started-at="2021-08-18T08:15:56 IST" name="Suite" finished-at="2021-08-18T08:16:21 IST" duration-ms="24908">
    <groups>
    </groups>
    <test started-at="2021-08-18T08:15:56 IST" name="Test" finished-at="2021-08-18T08:16:21 IST" duration-ms="24908">
      <class name="com.travel.qa.testcases.HomePageTest">
        <test-method is-config="true" signature="SetUp()[pri:0, instance:com.travel.qa.testcases.HomePageTest@3e6ef8ad]" started-at="2021-08-18T08:15:56 IST" name="SetUp" finished-at="2021-08-18T08:16:20 IST" duration-ms="23319" status="PASS">
          <reporter-output>
          </reporter-output>
        </test-method> <!-- SetUp -->
        <test-method signature="testContacts()[pri:0, instance:com.travel.qa.testcases.HomePageTest@3e6ef8ad]" started-at="2021-08-18T08:16:20 IST" name="testContacts" finished-at="2021-08-18T08:16:21 IST" duration-ms="1548" status="PASS">
          <reporter-output>
          </reporter-output>
        </test-method> <!-- testContacts -->
        <test-method signature="testTitle()[pri:0, instance:com.travel.qa.testcases.HomePageTest@3e6ef8ad]" started-at="2021-08-18T08:16:21 IST" name="testTitle" finished-at="2021-08-18T08:16:21 IST" duration-ms="9" status="PASS">
          <reporter-output>
          </reporter-output>
        </test-method> <!-- testTitle -->
      </class> <!-- com.travel.qa.testcases.HomePageTest -->
    </test> <!-- Test -->
  </suite> <!-- Suite -->
</testng-results>
